/ext3/miniconda3/lib/python3.11/site-packages/numpy/core/getlimits.py:549: UserWarning: The value of the smallest subnormal for <class 'numpy.float64'> type is zero.
  setattr(self, word, getattr(machar, word).flat[0])
/ext3/miniconda3/lib/python3.11/site-packages/numpy/core/getlimits.py:89: UserWarning: The value of the smallest subnormal for <class 'numpy.float64'> type is zero.
  return self._float_to_str(self.smallest_subnormal)
wandb: Currently logged in as: sxp8182 (sxp). Use `wandb login --relogin` to force relogin
wandb: wandb version 0.17.7 is available!  To upgrade, please run:
wandb:  $ pip install wandb --upgrade
wandb: Tracking run with wandb version 0.17.4
wandb: Run data is saved locally in /scratch/sxp8182/work_with_abu/learning_to_search/cirriculum_learning/learning_to_search/wandb/run-20240817_040447-checkpoints_v3_8layer_inputsize140_maxlookahead22_seed11_trainstreaming
wandb: Run `wandb offline` to turn off syncing.
wandb: Syncing run checkpoints_v3_8layer_inputsize140_maxlookahead22_seed11_trainstreaming
wandb: ⭐️ View project at https://wandb.ai/sxp/inference
wandb: 🚀 View run at https://wandb.ai/sxp/inference/runs/checkpoints_v3_8layer_inputsize140_maxlookahead22_seed11_trainstreaming
wandb: 429 encountered (Filestream rate limit exceeded, retrying in 2.4 seconds.), retrying request
wandb: 429 encountered (Filestream rate limit exceeded, retrying in 4.1 seconds.), retrying request
wandb: 429 encountered (Filestream rate limit exceeded, retrying in 9.4 seconds.), retrying request
wandb: 429 encountered (Filestream rate limit exceeded, retrying in 19.4 seconds.), retrying request
wandb: 429 encountered (Filestream rate limit exceeded, retrying in 32.8 seconds.), retrying request
wandb: 429 encountered (Filestream rate limit exceeded, retrying in 73.4 seconds.), retrying request
wandb: 429 encountered (Filestream rate limit exceeded, retrying in 142.3 seconds.), retrying request
wandb: 429 encountered (Filestream rate limit exceeded, retrying in 290.4 seconds.), retrying request
wandb: 429 encountered (Filestream rate limit exceeded, retrying in 336.7 seconds.), retrying request
wandb: 429 encountered (Filestream rate limit exceeded, retrying in 345.9 seconds.), retrying request
wandb: 429 encountered (Filestream rate limit exceeded, retrying in 358.1 seconds.), retrying request
wandb: 429 encountered (Filestream rate limit exceeded, retrying in 369.1 seconds.), retrying request
wandb: 429 encountered (Filestream rate limit exceeded, retrying in 332.3 seconds.), retrying request
wandb: 429 encountered (Filestream rate limit exceeded, retrying in 342.7 seconds.), retrying request
wandb: 429 encountered (Filestream rate limit exceeded, retrying in 315.2 seconds.), retrying request
wandb: 429 encountered (Filestream rate limit exceeded, retrying in 338.9 seconds.), retrying request
wandb: 429 encountered (Filestream rate limit exceeded, retrying in 305.8 seconds.), retrying request
wandb: 429 encountered (Filestream rate limit exceeded, retrying in 312.6 seconds.), retrying request
wandb: 429 encountered (Filestream rate limit exceeded, retrying in 300.4 seconds.), retrying request
wandb: 429 encountered (Filestream rate limit exceeded, retrying in 358.5 seconds.), retrying request
wandb: 429 encountered (Filestream rate limit exceeded, retrying in 312.0 seconds.), retrying request
wandb: 429 encountered (Filestream rate limit exceeded, retrying in 355.0 seconds.), retrying request
wandb: 429 encountered (Filestream rate limit exceeded, retrying in 350.0 seconds.), retrying request
wandb: 429 encountered (Filestream rate limit exceeded, retrying in 372.9 seconds.), retrying request
wandb: 429 encountered (Filestream rate limit exceeded, retrying in 306.3 seconds.), retrying request
wandb: 429 encountered (Filestream rate limit exceeded, retrying in 352.0 seconds.), retrying request
wandb: 429 encountered (Filestream rate limit exceeded, retrying in 364.3 seconds.), retrying request
wandb: 429 encountered (Filestream rate limit exceeded, retrying in 346.7 seconds.), retrying request
wandb: 429 encountered (Filestream rate limit exceeded, retrying in 306.2 seconds.), retrying request
wandb: 429 encountered (Filestream rate limit exceeded, retrying in 348.9 seconds.), retrying request
wandb: ERROR Dropped streaming file chunk (see wandb/debug-internal.log)
wandb: 429 encountered (Filestream rate limit exceeded, retrying in 2.2 seconds.), retrying request
wandb: 429 encountered (Filestream rate limit exceeded, retrying in 4.2 seconds.), retrying request
wandb: 429 encountered (Filestream rate limit exceeded, retrying in 8.8 seconds.), retrying request
wandb: 429 encountered (Filestream rate limit exceeded, retrying in 19.6 seconds.), retrying request
wandb: 429 encountered (Filestream rate limit exceeded, retrying in 37.0 seconds.), retrying request
wandb: 429 encountered (Filestream rate limit exceeded, retrying in 71.5 seconds.), retrying request
wandb: 429 encountered (Filestream rate limit exceeded, retrying in 156.0 seconds.), retrying request
wandb: 429 encountered (Filestream rate limit exceeded, retrying in 311.2 seconds.), retrying request
wandb: 429 encountered (Filestream rate limit exceeded, retrying in 355.6 seconds.), retrying request
wandb: 429 encountered (Filestream rate limit exceeded, retrying in 365.3 seconds.), retrying request
wandb: 429 encountered (Filestream rate limit exceeded, retrying in 370.0 seconds.), retrying request
wandb: 429 encountered (Filestream rate limit exceeded, retrying in 323.4 seconds.), retrying request
wandb: 429 encountered (Filestream rate limit exceeded, retrying in 328.5 seconds.), retrying request
wandb: 429 encountered (Filestream rate limit exceeded, retrying in 370.4 seconds.), retrying request
wandb: 429 encountered (Filestream rate limit exceeded, retrying in 369.1 seconds.), retrying request
wandb: 429 encountered (Filestream rate limit exceeded, retrying in 371.2 seconds.), retrying request
wandb: 429 encountered (Filestream rate limit exceeded, retrying in 322.3 seconds.), retrying request
wandb: 429 encountered (Filestream rate limit exceeded, retrying in 347.5 seconds.), retrying request
wandb: 429 encountered (Filestream rate limit exceeded, retrying in 339.0 seconds.), retrying request
wandb: 429 encountered (Filestream rate limit exceeded, retrying in 305.5 seconds.), retrying request
wandb: 429 encountered (Filestream rate limit exceeded, retrying in 339.7 seconds.), retrying request
slurmstepd: error: *** JOB 49778781 ON gv010 CANCELLED AT 2024-08-18T16:02:40 DUE TO TIME LIMIT ***
