/ext3/miniconda3/lib/python3.11/site-packages/numpy/core/getlimits.py:549: UserWarning: The value of the smallest subnormal for <class 'numpy.float64'> type is zero.
  setattr(self, word, getattr(machar, word).flat[0])
/ext3/miniconda3/lib/python3.11/site-packages/numpy/core/getlimits.py:89: UserWarning: The value of the smallest subnormal for <class 'numpy.float64'> type is zero.
  return self._float_to_str(self.smallest_subnormal)
wandb: Currently logged in as: sxp8182 (sxp). Use `wandb login --relogin` to force relogin
wandb: wandb version 0.17.7 is available!  To upgrade, please run:
wandb:  $ pip install wandb --upgrade
wandb: Tracking run with wandb version 0.17.4
wandb: Run data is saved locally in /scratch/sxp8182/work_with_abu/learning_to_search/cirriculum_learning/learning_to_search/wandb/run-20240817_052503-checkpoints_v3_8layer_inputsize146_maxlookahead23_seed11_trainstreaming
wandb: Run `wandb offline` to turn off syncing.
wandb: Syncing run checkpoints_v3_8layer_inputsize146_maxlookahead23_seed11_trainstreaming
wandb: ⭐️ View project at https://wandb.ai/sxp/inference
wandb: 🚀 View run at https://wandb.ai/sxp/inference/runs/checkpoints_v3_8layer_inputsize146_maxlookahead23_seed11_trainstreaming
wandb: 429 encountered (Filestream rate limit exceeded, retrying in 2.1 seconds.), retrying request
wandb: 429 encountered (Filestream rate limit exceeded, retrying in 2.2 seconds.), retrying request
wandb: 429 encountered (Filestream rate limit exceeded, retrying in 4.4 seconds.), retrying request
wandb: 429 encountered (Filestream rate limit exceeded, retrying in 8.1 seconds.), retrying request
wandb: 429 encountered (Filestream rate limit exceeded, retrying in 19.8 seconds.), retrying request
wandb: 429 encountered (Filestream rate limit exceeded, retrying in 39.5 seconds.), retrying request
wandb: 429 encountered (Filestream rate limit exceeded, retrying in 73.3 seconds.), retrying request
wandb: 429 encountered (Filestream rate limit exceeded, retrying in 132.6 seconds.), retrying request
wandb: 429 encountered (Filestream rate limit exceeded, retrying in 306.1 seconds.), retrying request
wandb: 429 encountered (Filestream rate limit exceeded, retrying in 305.9 seconds.), retrying request
wandb: 429 encountered (Filestream rate limit exceeded, retrying in 373.6 seconds.), retrying request
wandb: 429 encountered (Filestream rate limit exceeded, retrying in 336.2 seconds.), retrying request
wandb: 429 encountered (Filestream rate limit exceeded, retrying in 357.4 seconds.), retrying request
wandb: 429 encountered (Filestream rate limit exceeded, retrying in 362.0 seconds.), retrying request
wandb: 429 encountered (Filestream rate limit exceeded, retrying in 365.3 seconds.), retrying request
wandb: 429 encountered (Filestream rate limit exceeded, retrying in 367.4 seconds.), retrying request
wandb: 429 encountered (Filestream rate limit exceeded, retrying in 347.2 seconds.), retrying request
wandb: 429 encountered (Filestream rate limit exceeded, retrying in 326.1 seconds.), retrying request
wandb: 429 encountered (Filestream rate limit exceeded, retrying in 315.5 seconds.), retrying request
wandb: 429 encountered (Filestream rate limit exceeded, retrying in 329.1 seconds.), retrying request
wandb: 429 encountered (Filestream rate limit exceeded, retrying in 338.2 seconds.), retrying request
wandb: 429 encountered (Filestream rate limit exceeded, retrying in 347.0 seconds.), retrying request
wandb: 429 encountered (Filestream rate limit exceeded, retrying in 350.5 seconds.), retrying request
wandb: 429 encountered (Filestream rate limit exceeded, retrying in 327.4 seconds.), retrying request
wandb: 429 encountered (Filestream rate limit exceeded, retrying in 333.2 seconds.), retrying request
wandb: 429 encountered (Filestream rate limit exceeded, retrying in 315.9 seconds.), retrying request
wandb: 429 encountered (Filestream rate limit exceeded, retrying in 348.4 seconds.), retrying request
wandb: 429 encountered (Filestream rate limit exceeded, retrying in 367.9 seconds.), retrying request
wandb: 429 encountered (Filestream rate limit exceeded, retrying in 366.0 seconds.), retrying request
wandb: 429 encountered (Filestream rate limit exceeded, retrying in 335.7 seconds.), retrying request
wandb: 429 encountered (Filestream rate limit exceeded, retrying in 317.8 seconds.), retrying request
wandb: ERROR Dropped streaming file chunk (see wandb/debug-internal.log)
wandb: 429 encountered (Filestream rate limit exceeded, retrying in 2.4 seconds.), retrying request
wandb: 429 encountered (Filestream rate limit exceeded, retrying in 4.9 seconds.), retrying request
wandb: 429 encountered (Filestream rate limit exceeded, retrying in 8.8 seconds.), retrying request
wandb: 429 encountered (Filestream rate limit exceeded, retrying in 19.2 seconds.), retrying request
wandb: 429 encountered (Filestream rate limit exceeded, retrying in 34.4 seconds.), retrying request
wandb: 429 encountered (Filestream rate limit exceeded, retrying in 74.8 seconds.), retrying request
wandb: 429 encountered (Filestream rate limit exceeded, retrying in 146.9 seconds.), retrying request
wandb: 429 encountered (Filestream rate limit exceeded, retrying in 294.4 seconds.), retrying request
wandb: 429 encountered (Filestream rate limit exceeded, retrying in 372.2 seconds.), retrying request
wandb: 429 encountered (Filestream rate limit exceeded, retrying in 312.4 seconds.), retrying request
wandb: 429 encountered (Filestream rate limit exceeded, retrying in 302.6 seconds.), retrying request
wandb: 429 encountered (Filestream rate limit exceeded, retrying in 343.1 seconds.), retrying request
wandb: 429 encountered (Filestream rate limit exceeded, retrying in 348.6 seconds.), retrying request
wandb: 429 encountered (Filestream rate limit exceeded, retrying in 356.7 seconds.), retrying request
wandb: 429 encountered (Filestream rate limit exceeded, retrying in 351.3 seconds.), retrying request
wandb: 429 encountered (Filestream rate limit exceeded, retrying in 370.1 seconds.), retrying request
wandb: 429 encountered (Filestream rate limit exceeded, retrying in 326.1 seconds.), retrying request
wandb: 429 encountered (Filestream rate limit exceeded, retrying in 370.2 seconds.), retrying request
wandb: 429 encountered (Filestream rate limit exceeded, retrying in 337.6 seconds.), retrying request
wandb: 429 encountered (Filestream rate limit exceeded, retrying in 330.6 seconds.), retrying request
wandb: 429 encountered (Filestream rate limit exceeded, retrying in 364.7 seconds.), retrying request
slurmstepd: error: *** JOB 49778782 ON gv003 CANCELLED AT 2024-08-18T17:22:30 DUE TO TIME LIMIT ***
