/ext3/miniconda3/lib/python3.11/site-packages/numpy/core/getlimits.py:549: UserWarning: The value of the smallest subnormal for <class 'numpy.float64'> type is zero.
  setattr(self, word, getattr(machar, word).flat[0])
/ext3/miniconda3/lib/python3.11/site-packages/numpy/core/getlimits.py:89: UserWarning: The value of the smallest subnormal for <class 'numpy.float64'> type is zero.
  return self._float_to_str(self.smallest_subnormal)
wandb: Currently logged in as: sxp8182 (sxp). Use `wandb login --relogin` to force relogin
wandb: wandb version 0.17.7 is available!  To upgrade, please run:
wandb:  $ pip install wandb --upgrade
wandb: Tracking run with wandb version 0.17.4
wandb: Run data is saved locally in /scratch/sxp8182/work_with_abu/learning_to_search/cirriculum_learning/learning_to_search/wandb/run-20240817_040439-checkpoints_v3_8layer_inputsize134_maxlookahead21_seed11_trainstreaming
wandb: Run `wandb offline` to turn off syncing.
wandb: Syncing run checkpoints_v3_8layer_inputsize134_maxlookahead21_seed11_trainstreaming
wandb: ⭐️ View project at https://wandb.ai/sxp/inference
wandb: 🚀 View run at https://wandb.ai/sxp/inference/runs/checkpoints_v3_8layer_inputsize134_maxlookahead21_seed11_trainstreaming
wandb: 429 encountered (Filestream rate limit exceeded, retrying in 2.2 seconds.), retrying request
wandb: 429 encountered (Filestream rate limit exceeded, retrying in 2.0 seconds.), retrying request
wandb: 429 encountered (Filestream rate limit exceeded, retrying in 4.9 seconds.), retrying request
wandb: 429 encountered (Filestream rate limit exceeded, retrying in 8.8 seconds.), retrying request
wandb: 429 encountered (Filestream rate limit exceeded, retrying in 16.6 seconds.), retrying request
wandb: 429 encountered (Filestream rate limit exceeded, retrying in 2.1 seconds.), retrying request
wandb: 429 encountered (Filestream rate limit exceeded, retrying in 4.9 seconds.), retrying request
wandb: 429 encountered (Filestream rate limit exceeded, retrying in 8.1 seconds.), retrying request
wandb: 429 encountered (Filestream rate limit exceeded, retrying in 17.2 seconds.), retrying request
wandb: 429 encountered (Filestream rate limit exceeded, retrying in 36.3 seconds.), retrying request
wandb: 429 encountered (Filestream rate limit exceeded, retrying in 79.0 seconds.), retrying request
wandb: 429 encountered (Filestream rate limit exceeded, retrying in 138.4 seconds.), retrying request
wandb: 429 encountered (Filestream rate limit exceeded, retrying in 313.2 seconds.), retrying request
wandb: 429 encountered (Filestream rate limit exceeded, retrying in 328.8 seconds.), retrying request
wandb: 429 encountered (Filestream rate limit exceeded, retrying in 362.8 seconds.), retrying request
wandb: 429 encountered (Filestream rate limit exceeded, retrying in 334.4 seconds.), retrying request
wandb: 429 encountered (Filestream rate limit exceeded, retrying in 364.6 seconds.), retrying request
wandb: 429 encountered (Filestream rate limit exceeded, retrying in 345.1 seconds.), retrying request
wandb: 429 encountered (Filestream rate limit exceeded, retrying in 364.1 seconds.), retrying request
wandb: 429 encountered (Filestream rate limit exceeded, retrying in 326.3 seconds.), retrying request
wandb: 429 encountered (Filestream rate limit exceeded, retrying in 343.8 seconds.), retrying request
wandb: 429 encountered (Filestream rate limit exceeded, retrying in 333.2 seconds.), retrying request
wandb: 429 encountered (Filestream rate limit exceeded, retrying in 358.7 seconds.), retrying request
wandb: 429 encountered (Filestream rate limit exceeded, retrying in 346.7 seconds.), retrying request
wandb: 429 encountered (Filestream rate limit exceeded, retrying in 355.0 seconds.), retrying request
wandb: 429 encountered (Filestream rate limit exceeded, retrying in 319.4 seconds.), retrying request
wandb: 429 encountered (Filestream rate limit exceeded, retrying in 302.2 seconds.), retrying request
wandb: 429 encountered (Filestream rate limit exceeded, retrying in 351.6 seconds.), retrying request
wandb: 429 encountered (Filestream rate limit exceeded, retrying in 341.5 seconds.), retrying request
wandb: 429 encountered (Filestream rate limit exceeded, retrying in 314.4 seconds.), retrying request
wandb: 429 encountered (Filestream rate limit exceeded, retrying in 322.3 seconds.), retrying request
wandb: 429 encountered (Filestream rate limit exceeded, retrying in 327.9 seconds.), retrying request
wandb: 429 encountered (Filestream rate limit exceeded, retrying in 317.5 seconds.), retrying request
wandb: 429 encountered (Filestream rate limit exceeded, retrying in 302.2 seconds.), retrying request
wandb: 429 encountered (Filestream rate limit exceeded, retrying in 374.3 seconds.), retrying request
wandb: ERROR Dropped streaming file chunk (see wandb/debug-internal.log)
wandb: 429 encountered (Filestream rate limit exceeded, retrying in 2.4 seconds.), retrying request
wandb: 429 encountered (Filestream rate limit exceeded, retrying in 4.2 seconds.), retrying request
wandb: 429 encountered (Filestream rate limit exceeded, retrying in 8.5 seconds.), retrying request
wandb: 429 encountered (Filestream rate limit exceeded, retrying in 18.7 seconds.), retrying request
wandb: 429 encountered (Filestream rate limit exceeded, retrying in 39.9 seconds.), retrying request
wandb: 429 encountered (Filestream rate limit exceeded, retrying in 67.6 seconds.), retrying request
wandb: 429 encountered (Filestream rate limit exceeded, retrying in 150.5 seconds.), retrying request
wandb: 429 encountered (Filestream rate limit exceeded, retrying in 319.9 seconds.), retrying request
wandb: 429 encountered (Filestream rate limit exceeded, retrying in 360.4 seconds.), retrying request
wandb: 429 encountered (Filestream rate limit exceeded, retrying in 308.9 seconds.), retrying request
wandb: 429 encountered (Filestream rate limit exceeded, retrying in 344.5 seconds.), retrying request
wandb: 429 encountered (Filestream rate limit exceeded, retrying in 306.1 seconds.), retrying request
wandb: 429 encountered (Filestream rate limit exceeded, retrying in 333.6 seconds.), retrying request
wandb: 429 encountered (Filestream rate limit exceeded, retrying in 363.4 seconds.), retrying request
wandb: 429 encountered (Filestream rate limit exceeded, retrying in 363.0 seconds.), retrying request
wandb: 429 encountered (Filestream rate limit exceeded, retrying in 313.3 seconds.), retrying request
wandb: 429 encountered (Filestream rate limit exceeded, retrying in 338.2 seconds.), retrying request
wandb: 429 encountered (Filestream rate limit exceeded, retrying in 365.7 seconds.), retrying request
wandb: 429 encountered (Filestream rate limit exceeded, retrying in 355.7 seconds.), retrying request
wandb: 429 encountered (Filestream rate limit exceeded, retrying in 369.5 seconds.), retrying request
wandb: 429 encountered (Filestream rate limit exceeded, retrying in 325.2 seconds.), retrying request
slurmstepd: error: *** JOB 49778780 ON gv010 CANCELLED AT 2024-08-18T16:02:40 DUE TO TIME LIMIT ***
