/ext3/miniconda3/lib/python3.11/site-packages/numpy/core/getlimits.py:549: UserWarning: The value of the smallest subnormal for <class 'numpy.float64'> type is zero.
  setattr(self, word, getattr(machar, word).flat[0])
/ext3/miniconda3/lib/python3.11/site-packages/numpy/core/getlimits.py:89: UserWarning: The value of the smallest subnormal for <class 'numpy.float64'> type is zero.
  return self._float_to_str(self.smallest_subnormal)
wandb: Currently logged in as: sxp8182 (sxp). Use `wandb login --relogin` to force relogin
wandb: wandb version 0.17.7 is available!  To upgrade, please run:
wandb:  $ pip install wandb --upgrade
wandb: Tracking run with wandb version 0.17.4
wandb: Run data is saved locally in /scratch/sxp8182/work_with_abu/learning_to_search/cirriculum_learning/learning_to_search/wandb/run-20240817_052511-checkpoints_v3_8layer_inputsize152_maxlookahead24_seed11_trainstreaming
wandb: Run `wandb offline` to turn off syncing.
wandb: Syncing run checkpoints_v3_8layer_inputsize152_maxlookahead24_seed11_trainstreaming
wandb: ⭐️ View project at https://wandb.ai/sxp/inference
wandb: 🚀 View run at https://wandb.ai/sxp/inference/runs/checkpoints_v3_8layer_inputsize152_maxlookahead24_seed11_trainstreaming
wandb: 429 encountered (Filestream rate limit exceeded, retrying in 2.2 seconds.), retrying request
wandb: 429 encountered (Filestream rate limit exceeded, retrying in 4.3 seconds.), retrying request
wandb: 429 encountered (Filestream rate limit exceeded, retrying in 9.7 seconds.), retrying request
wandb: 429 encountered (Filestream rate limit exceeded, retrying in 17.4 seconds.), retrying request
wandb: 429 encountered (Filestream rate limit exceeded, retrying in 34.4 seconds.), retrying request
wandb: 429 encountered (Filestream rate limit exceeded, retrying in 74.4 seconds.), retrying request
wandb: 429 encountered (Filestream rate limit exceeded, retrying in 132.6 seconds.), retrying request
wandb: 429 encountered (Filestream rate limit exceeded, retrying in 309.6 seconds.), retrying request
wandb: 429 encountered (Filestream rate limit exceeded, retrying in 337.1 seconds.), retrying request
wandb: 429 encountered (Filestream rate limit exceeded, retrying in 364.0 seconds.), retrying request
wandb: 429 encountered (Filestream rate limit exceeded, retrying in 318.5 seconds.), retrying request
wandb: 429 encountered (Filestream rate limit exceeded, retrying in 310.8 seconds.), retrying request
wandb: 429 encountered (Filestream rate limit exceeded, retrying in 345.8 seconds.), retrying request
wandb: 429 encountered (Filestream rate limit exceeded, retrying in 320.1 seconds.), retrying request
wandb: 429 encountered (Filestream rate limit exceeded, retrying in 364.7 seconds.), retrying request
wandb: 429 encountered (Filestream rate limit exceeded, retrying in 309.9 seconds.), retrying request
wandb: 429 encountered (Filestream rate limit exceeded, retrying in 318.8 seconds.), retrying request
wandb: 429 encountered (Filestream rate limit exceeded, retrying in 368.6 seconds.), retrying request
wandb: 429 encountered (Filestream rate limit exceeded, retrying in 338.0 seconds.), retrying request
wandb: 429 encountered (Filestream rate limit exceeded, retrying in 321.5 seconds.), retrying request
wandb: 429 encountered (Filestream rate limit exceeded, retrying in 337.0 seconds.), retrying request
wandb: 429 encountered (Filestream rate limit exceeded, retrying in 367.3 seconds.), retrying request
wandb: 429 encountered (Filestream rate limit exceeded, retrying in 301.8 seconds.), retrying request
wandb: 429 encountered (Filestream rate limit exceeded, retrying in 371.3 seconds.), retrying request
wandb: 429 encountered (Filestream rate limit exceeded, retrying in 367.3 seconds.), retrying request
wandb: 429 encountered (Filestream rate limit exceeded, retrying in 309.1 seconds.), retrying request
wandb: 429 encountered (Filestream rate limit exceeded, retrying in 332.5 seconds.), retrying request
wandb: 429 encountered (Filestream rate limit exceeded, retrying in 337.6 seconds.), retrying request
wandb: 429 encountered (Filestream rate limit exceeded, retrying in 334.9 seconds.), retrying request
wandb: 429 encountered (Filestream rate limit exceeded, retrying in 350.4 seconds.), retrying request
wandb: ERROR Dropped streaming file chunk (see wandb/debug-internal.log)
wandb: 429 encountered (Filestream rate limit exceeded, retrying in 2.4 seconds.), retrying request
wandb: 429 encountered (Filestream rate limit exceeded, retrying in 4.4 seconds.), retrying request
wandb: 429 encountered (Filestream rate limit exceeded, retrying in 8.7 seconds.), retrying request
wandb: 429 encountered (Filestream rate limit exceeded, retrying in 19.6 seconds.), retrying request
wandb: 429 encountered (Filestream rate limit exceeded, retrying in 39.5 seconds.), retrying request
wandb: 429 encountered (Filestream rate limit exceeded, retrying in 65.0 seconds.), retrying request
wandb: 429 encountered (Filestream rate limit exceeded, retrying in 140.3 seconds.), retrying request
wandb: 429 encountered (Filestream rate limit exceeded, retrying in 288.1 seconds.), retrying request
wandb: 429 encountered (Filestream rate limit exceeded, retrying in 353.1 seconds.), retrying request
wandb: 429 encountered (Filestream rate limit exceeded, retrying in 362.0 seconds.), retrying request
wandb: 429 encountered (Filestream rate limit exceeded, retrying in 301.6 seconds.), retrying request
wandb: 429 encountered (Filestream rate limit exceeded, retrying in 310.0 seconds.), retrying request
wandb: 429 encountered (Filestream rate limit exceeded, retrying in 365.0 seconds.), retrying request
wandb: 429 encountered (Filestream rate limit exceeded, retrying in 305.4 seconds.), retrying request
wandb: 429 encountered (Filestream rate limit exceeded, retrying in 317.7 seconds.), retrying request
wandb: 429 encountered (Filestream rate limit exceeded, retrying in 374.6 seconds.), retrying request
wandb: 429 encountered (Filestream rate limit exceeded, retrying in 350.5 seconds.), retrying request
wandb: 429 encountered (Filestream rate limit exceeded, retrying in 336.5 seconds.), retrying request
wandb: 429 encountered (Filestream rate limit exceeded, retrying in 316.4 seconds.), retrying request
wandb: 429 encountered (Filestream rate limit exceeded, retrying in 317.7 seconds.), retrying request
wandb: 429 encountered (Filestream rate limit exceeded, retrying in 313.7 seconds.), retrying request
wandb: 429 encountered (Filestream rate limit exceeded, retrying in 336.7 seconds.), retrying request
slurmstepd: error: *** JOB 49778783 ON gv003 CANCELLED AT 2024-08-18T17:22:30 DUE TO TIME LIMIT ***
