/ext3/miniconda3/lib/python3.11/site-packages/numpy/core/getlimits.py:549: UserWarning: The value of the smallest subnormal for <class 'numpy.float64'> type is zero.
  setattr(self, word, getattr(machar, word).flat[0])
/ext3/miniconda3/lib/python3.11/site-packages/numpy/core/getlimits.py:89: UserWarning: The value of the smallest subnormal for <class 'numpy.float64'> type is zero.
  return self._float_to_str(self.smallest_subnormal)
wandb: Currently logged in as: sxp8182 (sxp). Use `wandb login --relogin` to force relogin
wandb: wandb version 0.17.7 is available!  To upgrade, please run:
wandb:  $ pip install wandb --upgrade
wandb: Tracking run with wandb version 0.17.4
wandb: Run data is saved locally in /scratch/sxp8182/work_with_abu/learning_to_search/cirriculum_learning/learning_to_search/wandb/run-20240817_040355-checkpoints_v3_8layer_inputsize116_maxlookahead18_seed11_trainstreaming
wandb: Run `wandb offline` to turn off syncing.
wandb: Syncing run checkpoints_v3_8layer_inputsize116_maxlookahead18_seed11_trainstreaming
wandb: ⭐️ View project at https://wandb.ai/sxp/inference
wandb: 🚀 View run at https://wandb.ai/sxp/inference/runs/checkpoints_v3_8layer_inputsize116_maxlookahead18_seed11_trainstreaming
wandb: 429 encountered (Filestream rate limit exceeded, retrying in 2.3 seconds.), retrying request
wandb: 429 encountered (Filestream rate limit exceeded, retrying in 4.9 seconds.), retrying request
wandb: 429 encountered (Filestream rate limit exceeded, retrying in 8.3 seconds.), retrying request
wandb: 429 encountered (Filestream rate limit exceeded, retrying in 19.5 seconds.), retrying request
wandb: 429 encountered (Filestream rate limit exceeded, retrying in 35.6 seconds.), retrying request
wandb: 429 encountered (Filestream rate limit exceeded, retrying in 67.2 seconds.), retrying request
wandb: 429 encountered (Filestream rate limit exceeded, retrying in 141.8 seconds.), retrying request
wandb: 429 encountered (Filestream rate limit exceeded, retrying in 278.1 seconds.), retrying request
wandb: 429 encountered (Filestream rate limit exceeded, retrying in 334.4 seconds.), retrying request
wandb: 429 encountered (Filestream rate limit exceeded, retrying in 321.7 seconds.), retrying request
wandb: 429 encountered (Filestream rate limit exceeded, retrying in 307.4 seconds.), retrying request
wandb: 429 encountered (Filestream rate limit exceeded, retrying in 339.2 seconds.), retrying request
wandb: 429 encountered (Filestream rate limit exceeded, retrying in 321.2 seconds.), retrying request
wandb: 429 encountered (Filestream rate limit exceeded, retrying in 340.3 seconds.), retrying request
wandb: 429 encountered (Filestream rate limit exceeded, retrying in 315.5 seconds.), retrying request
wandb: 429 encountered (Filestream rate limit exceeded, retrying in 338.4 seconds.), retrying request
wandb: 429 encountered (Filestream rate limit exceeded, retrying in 333.4 seconds.), retrying request
wandb: 429 encountered (Filestream rate limit exceeded, retrying in 318.5 seconds.), retrying request
wandb: 429 encountered (Filestream rate limit exceeded, retrying in 321.1 seconds.), retrying request
wandb: 429 encountered (Filestream rate limit exceeded, retrying in 342.1 seconds.), retrying request
wandb: 429 encountered (Filestream rate limit exceeded, retrying in 345.9 seconds.), retrying request
wandb: 429 encountered (Filestream rate limit exceeded, retrying in 351.3 seconds.), retrying request
wandb: 429 encountered (Filestream rate limit exceeded, retrying in 323.1 seconds.), retrying request
wandb: 429 encountered (Filestream rate limit exceeded, retrying in 350.5 seconds.), retrying request
wandb: 429 encountered (Filestream rate limit exceeded, retrying in 348.0 seconds.), retrying request
wandb: 429 encountered (Filestream rate limit exceeded, retrying in 322.2 seconds.), retrying request
wandb: 429 encountered (Filestream rate limit exceeded, retrying in 341.9 seconds.), retrying request
wandb: 429 encountered (Filestream rate limit exceeded, retrying in 329.7 seconds.), retrying request
wandb: 429 encountered (Filestream rate limit exceeded, retrying in 320.9 seconds.), retrying request
wandb: 429 encountered (Filestream rate limit exceeded, retrying in 365.2 seconds.), retrying request
wandb: ERROR Dropped streaming file chunk (see wandb/debug-internal.log)
wandb: 429 encountered (Filestream rate limit exceeded, retrying in 5.0 seconds.), retrying request
wandb: 429 encountered (Filestream rate limit exceeded, retrying in 8.1 seconds.), retrying request
wandb: 429 encountered (Filestream rate limit exceeded, retrying in 18.6 seconds.), retrying request
wandb: 429 encountered (Filestream rate limit exceeded, retrying in 35.5 seconds.), retrying request
wandb: 429 encountered (Filestream rate limit exceeded, retrying in 75.2 seconds.), retrying request
wandb: 429 encountered (Filestream rate limit exceeded, retrying in 156.9 seconds.), retrying request
wandb: 429 encountered (Filestream rate limit exceeded, retrying in 262.6 seconds.), retrying request
wandb: 429 encountered (Filestream rate limit exceeded, retrying in 345.5 seconds.), retrying request
wandb: 429 encountered (Filestream rate limit exceeded, retrying in 316.8 seconds.), retrying request
wandb: 429 encountered (Filestream rate limit exceeded, retrying in 362.1 seconds.), retrying request
wandb: 429 encountered (Filestream rate limit exceeded, retrying in 366.8 seconds.), retrying request
wandb: 429 encountered (Filestream rate limit exceeded, retrying in 347.4 seconds.), retrying request
wandb: 429 encountered (Filestream rate limit exceeded, retrying in 357.6 seconds.), retrying request
wandb: 429 encountered (Filestream rate limit exceeded, retrying in 353.3 seconds.), retrying request
wandb: 429 encountered (Filestream rate limit exceeded, retrying in 308.3 seconds.), retrying request
wandb: 429 encountered (Filestream rate limit exceeded, retrying in 360.3 seconds.), retrying request
wandb: 429 encountered (Filestream rate limit exceeded, retrying in 341.8 seconds.), retrying request
wandb: 429 encountered (Filestream rate limit exceeded, retrying in 311.8 seconds.), retrying request
wandb: 429 encountered (Filestream rate limit exceeded, retrying in 342.0 seconds.), retrying request
wandb: 429 encountered (Filestream rate limit exceeded, retrying in 326.5 seconds.), retrying request
wandb: 429 encountered (Filestream rate limit exceeded, retrying in 311.2 seconds.), retrying request
slurmstepd: error: *** JOB 49778777 ON gv007 CANCELLED AT 2024-08-18T16:02:40 DUE TO TIME LIMIT ***
