/ext3/miniconda3/lib/python3.11/site-packages/numpy/core/getlimits.py:549: UserWarning: The value of the smallest subnormal for <class 'numpy.float64'> type is zero.
  setattr(self, word, getattr(machar, word).flat[0])
/ext3/miniconda3/lib/python3.11/site-packages/numpy/core/getlimits.py:89: UserWarning: The value of the smallest subnormal for <class 'numpy.float64'> type is zero.
  return self._float_to_str(self.smallest_subnormal)
wandb: Currently logged in as: sxp8182 (sxp). Use `wandb login --relogin` to force relogin
wandb: wandb version 0.17.7 is available!  To upgrade, please run:
wandb:  $ pip install wandb --upgrade
wandb: Tracking run with wandb version 0.17.4
wandb: Run data is saved locally in /scratch/sxp8182/work_with_abu/learning_to_search/cirriculum_learning/learning_to_search/wandb/run-20240817_055410-checkpoints_v3_8layer_inputsize62_maxlookahead9_seed11_trainstreaming
wandb: Run `wandb offline` to turn off syncing.
wandb: Syncing run checkpoints_v3_8layer_inputsize62_maxlookahead9_seed11_trainstreaming
wandb: ⭐️ View project at https://wandb.ai/sxp/inference
wandb: 🚀 View run at https://wandb.ai/sxp/inference/runs/checkpoints_v3_8layer_inputsize62_maxlookahead9_seed11_trainstreaming
wandb: 429 encountered (Filestream rate limit exceeded, retrying in 2.3 seconds.), retrying request
wandb: 429 encountered (Filestream rate limit exceeded, retrying in 2.3 seconds.), retrying request
wandb: 429 encountered (Filestream rate limit exceeded, retrying in 2.1 seconds.), retrying request
wandb: 429 encountered (Filestream rate limit exceeded, retrying in 4.8 seconds.), retrying request
wandb: 429 encountered (Filestream rate limit exceeded, retrying in 8.7 seconds.), retrying request
wandb: 429 encountered (Filestream rate limit exceeded, retrying in 16.9 seconds.), retrying request
wandb: 429 encountered (Filestream rate limit exceeded, retrying in 38.7 seconds.), retrying request
wandb: 429 encountered (Filestream rate limit exceeded, retrying in 69.0 seconds.), retrying request
wandb: 429 encountered (Filestream rate limit exceeded, retrying in 159.7 seconds.), retrying request
wandb: 429 encountered (Filestream rate limit exceeded, retrying in 273.0 seconds.), retrying request
wandb: 429 encountered (Filestream rate limit exceeded, retrying in 331.3 seconds.), retrying request
wandb: 429 encountered (Filestream rate limit exceeded, retrying in 354.4 seconds.), retrying request
wandb: 429 encountered (Filestream rate limit exceeded, retrying in 307.8 seconds.), retrying request
wandb: 429 encountered (Filestream rate limit exceeded, retrying in 323.6 seconds.), retrying request
wandb: 429 encountered (Filestream rate limit exceeded, retrying in 345.7 seconds.), retrying request
wandb: 429 encountered (Filestream rate limit exceeded, retrying in 367.0 seconds.), retrying request
wandb: 429 encountered (Filestream rate limit exceeded, retrying in 348.9 seconds.), retrying request
wandb: 429 encountered (Filestream rate limit exceeded, retrying in 315.9 seconds.), retrying request
wandb: 429 encountered (Filestream rate limit exceeded, retrying in 363.2 seconds.), retrying request
wandb: 429 encountered (Filestream rate limit exceeded, retrying in 322.5 seconds.), retrying request
wandb: 429 encountered (Filestream rate limit exceeded, retrying in 357.9 seconds.), retrying request
wandb: 429 encountered (Filestream rate limit exceeded, retrying in 364.4 seconds.), retrying request
wandb: 429 encountered (Filestream rate limit exceeded, retrying in 320.6 seconds.), retrying request
wandb: 429 encountered (Filestream rate limit exceeded, retrying in 317.7 seconds.), retrying request
wandb: 429 encountered (Filestream rate limit exceeded, retrying in 373.6 seconds.), retrying request
wandb: 429 encountered (Filestream rate limit exceeded, retrying in 324.2 seconds.), retrying request
wandb: 429 encountered (Filestream rate limit exceeded, retrying in 353.6 seconds.), retrying request
wandb: 429 encountered (Filestream rate limit exceeded, retrying in 343.3 seconds.), retrying request
wandb: 429 encountered (Filestream rate limit exceeded, retrying in 366.9 seconds.), retrying request
wandb: 429 encountered (Filestream rate limit exceeded, retrying in 330.5 seconds.), retrying request
wandb: 429 encountered (Filestream rate limit exceeded, retrying in 320.2 seconds.), retrying request
wandb: 429 encountered (Filestream rate limit exceeded, retrying in 323.6 seconds.), retrying request
wandb: ERROR Dropped streaming file chunk (see wandb/debug-internal.log)
wandb: 429 encountered (Filestream rate limit exceeded, retrying in 2.3 seconds.), retrying request
wandb: 429 encountered (Filestream rate limit exceeded, retrying in 4.8 seconds.), retrying request
wandb: 429 encountered (Filestream rate limit exceeded, retrying in 8.5 seconds.), retrying request
wandb: 429 encountered (Filestream rate limit exceeded, retrying in 18.8 seconds.), retrying request
wandb: 429 encountered (Filestream rate limit exceeded, retrying in 37.6 seconds.), retrying request
wandb: 429 encountered (Filestream rate limit exceeded, retrying in 78.5 seconds.), retrying request
wandb: 429 encountered (Filestream rate limit exceeded, retrying in 136.9 seconds.), retrying request
wandb: 429 encountered (Filestream rate limit exceeded, retrying in 288.4 seconds.), retrying request
wandb: 429 encountered (Filestream rate limit exceeded, retrying in 374.8 seconds.), retrying request
wandb: 429 encountered (Filestream rate limit exceeded, retrying in 355.0 seconds.), retrying request
wandb: 429 encountered (Filestream rate limit exceeded, retrying in 317.4 seconds.), retrying request
wandb: 429 encountered (Filestream rate limit exceeded, retrying in 340.4 seconds.), retrying request
wandb: 429 encountered (Filestream rate limit exceeded, retrying in 324.3 seconds.), retrying request
wandb: 429 encountered (Filestream rate limit exceeded, retrying in 345.3 seconds.), retrying request
wandb: 429 encountered (Filestream rate limit exceeded, retrying in 369.9 seconds.), retrying request
wandb: 429 encountered (Filestream rate limit exceeded, retrying in 337.2 seconds.), retrying request
wandb: 429 encountered (Filestream rate limit exceeded, retrying in 349.2 seconds.), retrying request
wandb: 429 encountered (Filestream rate limit exceeded, retrying in 346.0 seconds.), retrying request
wandb: 429 encountered (Filestream rate limit exceeded, retrying in 363.7 seconds.), retrying request
wandb: 429 encountered (Filestream rate limit exceeded, retrying in 363.6 seconds.), retrying request
wandb: 429 encountered (Filestream rate limit exceeded, retrying in 366.9 seconds.), retrying request
slurmstepd: error: *** JOB 49778790 ON gv005 CANCELLED AT 2024-08-18T17:53:31 DUE TO TIME LIMIT ***
