/ext3/miniconda3/lib/python3.11/site-packages/numpy/core/getlimits.py:549: UserWarning: The value of the smallest subnormal for <class 'numpy.float64'> type is zero.
  setattr(self, word, getattr(machar, word).flat[0])
/ext3/miniconda3/lib/python3.11/site-packages/numpy/core/getlimits.py:89: UserWarning: The value of the smallest subnormal for <class 'numpy.float64'> type is zero.
  return self._float_to_str(self.smallest_subnormal)
wandb: Currently logged in as: sxp8182 (sxp). Use `wandb login --relogin` to force relogin
wandb: wandb version 0.17.7 is available!  To upgrade, please run:
wandb:  $ pip install wandb --upgrade
wandb: Tracking run with wandb version 0.17.4
wandb: Run data is saved locally in /scratch/sxp8182/work_with_abu/learning_to_search/cirriculum_learning/learning_to_search/wandb/run-20240817_040352-checkpoints_v3_8layer_inputsize104_maxlookahead16_seed11_trainstreaming
wandb: Run `wandb offline` to turn off syncing.
wandb: Syncing run checkpoints_v3_8layer_inputsize104_maxlookahead16_seed11_trainstreaming
wandb: ⭐️ View project at https://wandb.ai/sxp/inference
wandb: 🚀 View run at https://wandb.ai/sxp/inference/runs/checkpoints_v3_8layer_inputsize104_maxlookahead16_seed11_trainstreaming
wandb: 429 encountered (Filestream rate limit exceeded, retrying in 2.5 seconds.), retrying request
wandb: 429 encountered (Filestream rate limit exceeded, retrying in 5.0 seconds.), retrying request
wandb: 429 encountered (Filestream rate limit exceeded, retrying in 9.9 seconds.), retrying request
wandb: 429 encountered (Filestream rate limit exceeded, retrying in 18.2 seconds.), retrying request
wandb: 429 encountered (Filestream rate limit exceeded, retrying in 35.9 seconds.), retrying request
wandb: 429 encountered (Filestream rate limit exceeded, retrying in 73.6 seconds.), retrying request
wandb: 429 encountered (Filestream rate limit exceeded, retrying in 135.2 seconds.), retrying request
wandb: 429 encountered (Filestream rate limit exceeded, retrying in 258.4 seconds.), retrying request
wandb: 429 encountered (Filestream rate limit exceeded, retrying in 357.6 seconds.), retrying request
wandb: 429 encountered (Filestream rate limit exceeded, retrying in 370.8 seconds.), retrying request
wandb: 429 encountered (Filestream rate limit exceeded, retrying in 320.8 seconds.), retrying request
wandb: 429 encountered (Filestream rate limit exceeded, retrying in 347.1 seconds.), retrying request
wandb: 429 encountered (Filestream rate limit exceeded, retrying in 373.4 seconds.), retrying request
wandb: 429 encountered (Filestream rate limit exceeded, retrying in 368.3 seconds.), retrying request
wandb: 429 encountered (Filestream rate limit exceeded, retrying in 307.0 seconds.), retrying request
wandb: 429 encountered (Filestream rate limit exceeded, retrying in 373.9 seconds.), retrying request
wandb: 429 encountered (Filestream rate limit exceeded, retrying in 344.2 seconds.), retrying request
wandb: 429 encountered (Filestream rate limit exceeded, retrying in 345.9 seconds.), retrying request
wandb: 429 encountered (Filestream rate limit exceeded, retrying in 314.8 seconds.), retrying request
wandb: 429 encountered (Filestream rate limit exceeded, retrying in 357.5 seconds.), retrying request
wandb: 429 encountered (Filestream rate limit exceeded, retrying in 331.7 seconds.), retrying request
wandb: 429 encountered (Filestream rate limit exceeded, retrying in 304.6 seconds.), retrying request
wandb: 429 encountered (Filestream rate limit exceeded, retrying in 371.7 seconds.), retrying request
wandb: 429 encountered (Filestream rate limit exceeded, retrying in 351.4 seconds.), retrying request
wandb: 429 encountered (Filestream rate limit exceeded, retrying in 323.9 seconds.), retrying request
wandb: 429 encountered (Filestream rate limit exceeded, retrying in 320.0 seconds.), retrying request
wandb: 429 encountered (Filestream rate limit exceeded, retrying in 301.7 seconds.), retrying request
wandb: 429 encountered (Filestream rate limit exceeded, retrying in 307.1 seconds.), retrying request
wandb: 429 encountered (Filestream rate limit exceeded, retrying in 354.9 seconds.), retrying request
wandb: ERROR Dropped streaming file chunk (see wandb/debug-internal.log)
wandb: 429 encountered (Filestream rate limit exceeded, retrying in 2.3 seconds.), retrying request
wandb: 429 encountered (Filestream rate limit exceeded, retrying in 4.5 seconds.), retrying request
wandb: 429 encountered (Filestream rate limit exceeded, retrying in 9.4 seconds.), retrying request
wandb: 429 encountered (Filestream rate limit exceeded, retrying in 16.8 seconds.), retrying request
wandb: 429 encountered (Filestream rate limit exceeded, retrying in 36.0 seconds.), retrying request
wandb: 429 encountered (Filestream rate limit exceeded, retrying in 73.8 seconds.), retrying request
wandb: 429 encountered (Filestream rate limit exceeded, retrying in 137.6 seconds.), retrying request
wandb: 429 encountered (Filestream rate limit exceeded, retrying in 315.3 seconds.), retrying request
wandb: 429 encountered (Filestream rate limit exceeded, retrying in 323.8 seconds.), retrying request
wandb: 429 encountered (Filestream rate limit exceeded, retrying in 371.4 seconds.), retrying request
wandb: 429 encountered (Filestream rate limit exceeded, retrying in 345.8 seconds.), retrying request
wandb: 429 encountered (Filestream rate limit exceeded, retrying in 318.7 seconds.), retrying request
wandb: 429 encountered (Filestream rate limit exceeded, retrying in 331.2 seconds.), retrying request
wandb: 429 encountered (Filestream rate limit exceeded, retrying in 350.1 seconds.), retrying request
wandb: 429 encountered (Filestream rate limit exceeded, retrying in 360.4 seconds.), retrying request
wandb: 429 encountered (Filestream rate limit exceeded, retrying in 334.4 seconds.), retrying request
wandb: 429 encountered (Filestream rate limit exceeded, retrying in 366.4 seconds.), retrying request
wandb: 429 encountered (Filestream rate limit exceeded, retrying in 354.3 seconds.), retrying request
wandb: 429 encountered (Filestream rate limit exceeded, retrying in 354.2 seconds.), retrying request
wandb: 429 encountered (Filestream rate limit exceeded, retrying in 316.0 seconds.), retrying request
wandb: 429 encountered (Filestream rate limit exceeded, retrying in 324.0 seconds.), retrying request
slurmstepd: error: *** JOB 49778775 ON gv004 CANCELLED AT 2024-08-18T16:02:40 DUE TO TIME LIMIT ***
