/ext3/miniconda3/lib/python3.11/site-packages/numpy/core/getlimits.py:549: UserWarning: The value of the smallest subnormal for <class 'numpy.float64'> type is zero.
  setattr(self, word, getattr(machar, word).flat[0])
/ext3/miniconda3/lib/python3.11/site-packages/numpy/core/getlimits.py:89: UserWarning: The value of the smallest subnormal for <class 'numpy.float64'> type is zero.
  return self._float_to_str(self.smallest_subnormal)
wandb: Currently logged in as: sxp8182 (sxp). Use `wandb login --relogin` to force relogin
wandb: wandb version 0.17.7 is available!  To upgrade, please run:
wandb:  $ pip install wandb --upgrade
wandb: Tracking run with wandb version 0.17.4
wandb: Run data is saved locally in /scratch/sxp8182/work_with_abu/learning_to_search/cirriculum_learning/learning_to_search/wandb/run-20240817_052251-checkpoints_v3_8layer_inputsize32_maxlookahead4_seed11_trainstreaming
wandb: Run `wandb offline` to turn off syncing.
wandb: Syncing run checkpoints_v3_8layer_inputsize32_maxlookahead4_seed11_trainstreaming
wandb: ⭐️ View project at https://wandb.ai/sxp/inference
wandb: 🚀 View run at https://wandb.ai/sxp/inference/runs/checkpoints_v3_8layer_inputsize32_maxlookahead4_seed11_trainstreaming
wandb: 429 encountered (Filestream rate limit exceeded, retrying in 2.3 seconds.), retrying request
wandb: 429 encountered (Filestream rate limit exceeded, retrying in 4.7 seconds.), retrying request
wandb: 429 encountered (Filestream rate limit exceeded, retrying in 9.5 seconds.), retrying request
wandb: 429 encountered (Filestream rate limit exceeded, retrying in 19.0 seconds.), retrying request
wandb: 429 encountered (Filestream rate limit exceeded, retrying in 34.6 seconds.), retrying request
wandb: 429 encountered (Filestream rate limit exceeded, retrying in 78.9 seconds.), retrying request
wandb: 429 encountered (Filestream rate limit exceeded, retrying in 154.9 seconds.), retrying request
wandb: 429 encountered (Filestream rate limit exceeded, retrying in 287.2 seconds.), retrying request
wandb: 429 encountered (Filestream rate limit exceeded, retrying in 318.4 seconds.), retrying request
wandb: 429 encountered (Filestream rate limit exceeded, retrying in 313.9 seconds.), retrying request
wandb: 429 encountered (Filestream rate limit exceeded, retrying in 328.6 seconds.), retrying request
wandb: 429 encountered (Filestream rate limit exceeded, retrying in 314.4 seconds.), retrying request
wandb: 429 encountered (Filestream rate limit exceeded, retrying in 374.4 seconds.), retrying request
wandb: 429 encountered (Filestream rate limit exceeded, retrying in 309.8 seconds.), retrying request
wandb: 429 encountered (Filestream rate limit exceeded, retrying in 343.9 seconds.), retrying request
wandb: 429 encountered (Filestream rate limit exceeded, retrying in 313.8 seconds.), retrying request
wandb: 429 encountered (Filestream rate limit exceeded, retrying in 316.1 seconds.), retrying request
wandb: 429 encountered (Filestream rate limit exceeded, retrying in 354.0 seconds.), retrying request
wandb: 429 encountered (Filestream rate limit exceeded, retrying in 336.7 seconds.), retrying request
wandb: 429 encountered (Filestream rate limit exceeded, retrying in 337.0 seconds.), retrying request
wandb: 429 encountered (Filestream rate limit exceeded, retrying in 372.3 seconds.), retrying request
wandb: 429 encountered (Filestream rate limit exceeded, retrying in 313.4 seconds.), retrying request
wandb: 429 encountered (Filestream rate limit exceeded, retrying in 340.2 seconds.), retrying request
wandb: 429 encountered (Filestream rate limit exceeded, retrying in 323.0 seconds.), retrying request
wandb: 429 encountered (Filestream rate limit exceeded, retrying in 312.1 seconds.), retrying request
wandb: 429 encountered (Filestream rate limit exceeded, retrying in 348.3 seconds.), retrying request
wandb: 429 encountered (Filestream rate limit exceeded, retrying in 358.1 seconds.), retrying request
wandb: 429 encountered (Filestream rate limit exceeded, retrying in 344.7 seconds.), retrying request
wandb: 429 encountered (Filestream rate limit exceeded, retrying in 301.6 seconds.), retrying request
wandb: 429 encountered (Filestream rate limit exceeded, retrying in 317.9 seconds.), retrying request
wandb: ERROR Dropped streaming file chunk (see wandb/debug-internal.log)
wandb: 429 encountered (Filestream rate limit exceeded, retrying in 2.0 seconds.), retrying request
wandb: 429 encountered (Filestream rate limit exceeded, retrying in 4.7 seconds.), retrying request
wandb: 429 encountered (Filestream rate limit exceeded, retrying in 9.5 seconds.), retrying request
wandb: 429 encountered (Filestream rate limit exceeded, retrying in 18.5 seconds.), retrying request
wandb: 429 encountered (Filestream rate limit exceeded, retrying in 33.2 seconds.), retrying request
wandb: 429 encountered (Filestream rate limit exceeded, retrying in 71.2 seconds.), retrying request
wandb: 429 encountered (Filestream rate limit exceeded, retrying in 154.4 seconds.), retrying request
wandb: 429 encountered (Filestream rate limit exceeded, retrying in 287.6 seconds.), retrying request
wandb: 429 encountered (Filestream rate limit exceeded, retrying in 353.8 seconds.), retrying request
wandb: 429 encountered (Filestream rate limit exceeded, retrying in 319.1 seconds.), retrying request
wandb: 429 encountered (Filestream rate limit exceeded, retrying in 324.1 seconds.), retrying request
wandb: 429 encountered (Filestream rate limit exceeded, retrying in 363.5 seconds.), retrying request
wandb: 429 encountered (Filestream rate limit exceeded, retrying in 334.6 seconds.), retrying request
wandb: 429 encountered (Filestream rate limit exceeded, retrying in 326.7 seconds.), retrying request
wandb: 429 encountered (Filestream rate limit exceeded, retrying in 358.9 seconds.), retrying request
wandb: 429 encountered (Filestream rate limit exceeded, retrying in 373.5 seconds.), retrying request
wandb: 429 encountered (Filestream rate limit exceeded, retrying in 338.1 seconds.), retrying request
wandb: 429 encountered (Filestream rate limit exceeded, retrying in 312.4 seconds.), retrying request
wandb: 429 encountered (Filestream rate limit exceeded, retrying in 346.2 seconds.), retrying request
wandb: 429 encountered (Filestream rate limit exceeded, retrying in 341.8 seconds.), retrying request
wandb: 429 encountered (Filestream rate limit exceeded, retrying in 300.7 seconds.), retrying request
wandb: 429 encountered (Filestream rate limit exceeded, retrying in 351.5 seconds.), retrying request
slurmstepd: error: *** JOB 49778784 ON gv003 CANCELLED AT 2024-08-18T17:22:30 DUE TO TIME LIMIT ***
