/ext3/miniconda3/lib/python3.11/site-packages/numpy/core/getlimits.py:549: UserWarning: The value of the smallest subnormal for <class 'numpy.float64'> type is zero.
  setattr(self, word, getattr(machar, word).flat[0])
/ext3/miniconda3/lib/python3.11/site-packages/numpy/core/getlimits.py:89: UserWarning: The value of the smallest subnormal for <class 'numpy.float64'> type is zero.
  return self._float_to_str(self.smallest_subnormal)
wandb: Currently logged in as: sxp8182 (sxp). Use `wandb login --relogin` to force relogin
wandb: wandb version 0.17.7 is available!  To upgrade, please run:
wandb:  $ pip install wandb --upgrade
wandb: Tracking run with wandb version 0.17.4
wandb: Run data is saved locally in /scratch/sxp8182/work_with_abu/learning_to_search/cirriculum_learning/learning_to_search/wandb/run-20240817_040351-checkpoints_v3_8layer_inputsize110_maxlookahead17_seed11_trainstreaming
wandb: Run `wandb offline` to turn off syncing.
wandb: Syncing run checkpoints_v3_8layer_inputsize110_maxlookahead17_seed11_trainstreaming
wandb: ⭐️ View project at https://wandb.ai/sxp/inference
wandb: 🚀 View run at https://wandb.ai/sxp/inference/runs/checkpoints_v3_8layer_inputsize110_maxlookahead17_seed11_trainstreaming
wandb: 429 encountered (Filestream rate limit exceeded, retrying in 2.2 seconds.), retrying request
wandb: 429 encountered (Filestream rate limit exceeded, retrying in 4.7 seconds.), retrying request
wandb: 429 encountered (Filestream rate limit exceeded, retrying in 2.3 seconds.), retrying request
wandb: 429 encountered (Filestream rate limit exceeded, retrying in 4.9 seconds.), retrying request
wandb: 429 encountered (Filestream rate limit exceeded, retrying in 8.4 seconds.), retrying request
wandb: 429 encountered (Filestream rate limit exceeded, retrying in 19.7 seconds.), retrying request
wandb: 429 encountered (Filestream rate limit exceeded, retrying in 39.3 seconds.), retrying request
wandb: 429 encountered (Filestream rate limit exceeded, retrying in 79.6 seconds.), retrying request
wandb: 429 encountered (Filestream rate limit exceeded, retrying in 151.1 seconds.), retrying request
wandb: 429 encountered (Filestream rate limit exceeded, retrying in 290.6 seconds.), retrying request
wandb: 429 encountered (Filestream rate limit exceeded, retrying in 363.8 seconds.), retrying request
wandb: 429 encountered (Filestream rate limit exceeded, retrying in 318.8 seconds.), retrying request
wandb: 429 encountered (Filestream rate limit exceeded, retrying in 303.9 seconds.), retrying request
wandb: 429 encountered (Filestream rate limit exceeded, retrying in 321.3 seconds.), retrying request
wandb: 429 encountered (Filestream rate limit exceeded, retrying in 364.9 seconds.), retrying request
wandb: 429 encountered (Filestream rate limit exceeded, retrying in 364.7 seconds.), retrying request
wandb: 429 encountered (Filestream rate limit exceeded, retrying in 343.2 seconds.), retrying request
wandb: 429 encountered (Filestream rate limit exceeded, retrying in 339.1 seconds.), retrying request
wandb: 429 encountered (Filestream rate limit exceeded, retrying in 341.1 seconds.), retrying request
wandb: 429 encountered (Filestream rate limit exceeded, retrying in 341.1 seconds.), retrying request
wandb: 429 encountered (Filestream rate limit exceeded, retrying in 370.7 seconds.), retrying request
wandb: 429 encountered (Filestream rate limit exceeded, retrying in 319.1 seconds.), retrying request
wandb: 429 encountered (Filestream rate limit exceeded, retrying in 366.0 seconds.), retrying request
wandb: 429 encountered (Filestream rate limit exceeded, retrying in 349.6 seconds.), retrying request
wandb: 429 encountered (Filestream rate limit exceeded, retrying in 322.7 seconds.), retrying request
wandb: 429 encountered (Filestream rate limit exceeded, retrying in 355.9 seconds.), retrying request
wandb: 429 encountered (Filestream rate limit exceeded, retrying in 349.8 seconds.), retrying request
wandb: 429 encountered (Filestream rate limit exceeded, retrying in 358.6 seconds.), retrying request
wandb: 429 encountered (Filestream rate limit exceeded, retrying in 313.9 seconds.), retrying request
wandb: 429 encountered (Filestream rate limit exceeded, retrying in 2.0 seconds.), retrying request
wandb: 429 encountered (Filestream rate limit exceeded, retrying in 4.2 seconds.), retrying request
wandb: 429 encountered (Filestream rate limit exceeded, retrying in 9.3 seconds.), retrying request
wandb: 429 encountered (Filestream rate limit exceeded, retrying in 19.9 seconds.), retrying request
wandb: 429 encountered (Filestream rate limit exceeded, retrying in 37.0 seconds.), retrying request
wandb: 429 encountered (Filestream rate limit exceeded, retrying in 71.1 seconds.), retrying request
wandb: 429 encountered (Filestream rate limit exceeded, retrying in 155.2 seconds.), retrying request
wandb: 429 encountered (Filestream rate limit exceeded, retrying in 259.2 seconds.), retrying request
wandb: 429 encountered (Filestream rate limit exceeded, retrying in 362.6 seconds.), retrying request
wandb: 429 encountered (Filestream rate limit exceeded, retrying in 334.6 seconds.), retrying request
wandb: 429 encountered (Filestream rate limit exceeded, retrying in 326.7 seconds.), retrying request
wandb: 429 encountered (Filestream rate limit exceeded, retrying in 308.6 seconds.), retrying request
wandb: 429 encountered (Filestream rate limit exceeded, retrying in 309.8 seconds.), retrying request
wandb: 429 encountered (Filestream rate limit exceeded, retrying in 311.4 seconds.), retrying request
wandb: 429 encountered (Filestream rate limit exceeded, retrying in 303.6 seconds.), retrying request
wandb: 429 encountered (Filestream rate limit exceeded, retrying in 313.2 seconds.), retrying request
wandb: 429 encountered (Filestream rate limit exceeded, retrying in 335.7 seconds.), retrying request
wandb: 429 encountered (Filestream rate limit exceeded, retrying in 324.4 seconds.), retrying request
wandb: 429 encountered (Filestream rate limit exceeded, retrying in 332.5 seconds.), retrying request
wandb: 429 encountered (Filestream rate limit exceeded, retrying in 340.0 seconds.), retrying request
wandb: 429 encountered (Filestream rate limit exceeded, retrying in 364.2 seconds.), retrying request
wandb: 429 encountered (Filestream rate limit exceeded, retrying in 338.8 seconds.), retrying request
wandb: 429 encountered (Filestream rate limit exceeded, retrying in 367.8 seconds.), retrying request
wandb: 429 encountered (Filestream rate limit exceeded, retrying in 361.4 seconds.), retrying request
slurmstepd: error: *** JOB 49778776 ON gv007 CANCELLED AT 2024-08-18T16:02:40 DUE TO TIME LIMIT ***
