/ext3/miniconda3/lib/python3.11/site-packages/numpy/core/getlimits.py:549: UserWarning: The value of the smallest subnormal for <class 'numpy.float64'> type is zero.
  setattr(self, word, getattr(machar, word).flat[0])
/ext3/miniconda3/lib/python3.11/site-packages/numpy/core/getlimits.py:89: UserWarning: The value of the smallest subnormal for <class 'numpy.float64'> type is zero.
  return self._float_to_str(self.smallest_subnormal)
wandb: Currently logged in as: sxp8182 (sxp). Use `wandb login --relogin` to force relogin
wandb: wandb version 0.17.7 is available!  To upgrade, please run:
wandb:  $ pip install wandb --upgrade
wandb: Tracking run with wandb version 0.17.4
wandb: Run data is saved locally in /scratch/sxp8182/work_with_abu/learning_to_search/cirriculum_learning/learning_to_search/wandb/run-20240817_055405-checkpoints_v3_8layer_inputsize56_maxlookahead8_seed11_trainstreaming
wandb: Run `wandb offline` to turn off syncing.
wandb: Syncing run checkpoints_v3_8layer_inputsize56_maxlookahead8_seed11_trainstreaming
wandb: ⭐️ View project at https://wandb.ai/sxp/inference
wandb: 🚀 View run at https://wandb.ai/sxp/inference/runs/checkpoints_v3_8layer_inputsize56_maxlookahead8_seed11_trainstreaming
wandb: 429 encountered (Filestream rate limit exceeded, retrying in 2.2 seconds.), retrying request
wandb: 429 encountered (Filestream rate limit exceeded, retrying in 4.7 seconds.), retrying request
wandb: 429 encountered (Filestream rate limit exceeded, retrying in 8.3 seconds.), retrying request
wandb: 429 encountered (Filestream rate limit exceeded, retrying in 16.7 seconds.), retrying request
wandb: 429 encountered (Filestream rate limit exceeded, retrying in 38.4 seconds.), retrying request
wandb: 429 encountered (Filestream rate limit exceeded, retrying in 78.5 seconds.), retrying request
wandb: 429 encountered (Filestream rate limit exceeded, retrying in 133.4 seconds.), retrying request
wandb: 429 encountered (Filestream rate limit exceeded, retrying in 312.6 seconds.), retrying request
wandb: 429 encountered (Filestream rate limit exceeded, retrying in 333.6 seconds.), retrying request
wandb: 429 encountered (Filestream rate limit exceeded, retrying in 321.4 seconds.), retrying request
wandb: 429 encountered (Filestream rate limit exceeded, retrying in 303.4 seconds.), retrying request
wandb: 429 encountered (Filestream rate limit exceeded, retrying in 338.3 seconds.), retrying request
wandb: 429 encountered (Filestream rate limit exceeded, retrying in 330.0 seconds.), retrying request
wandb: 429 encountered (Filestream rate limit exceeded, retrying in 360.4 seconds.), retrying request
wandb: 429 encountered (Filestream rate limit exceeded, retrying in 318.9 seconds.), retrying request
wandb: 429 encountered (Filestream rate limit exceeded, retrying in 346.9 seconds.), retrying request
wandb: 429 encountered (Filestream rate limit exceeded, retrying in 363.3 seconds.), retrying request
wandb: 429 encountered (Filestream rate limit exceeded, retrying in 306.6 seconds.), retrying request
wandb: 429 encountered (Filestream rate limit exceeded, retrying in 317.4 seconds.), retrying request
wandb: 429 encountered (Filestream rate limit exceeded, retrying in 310.9 seconds.), retrying request
wandb: 429 encountered (Filestream rate limit exceeded, retrying in 344.0 seconds.), retrying request
wandb: 429 encountered (Filestream rate limit exceeded, retrying in 327.5 seconds.), retrying request
wandb: 429 encountered (Filestream rate limit exceeded, retrying in 358.4 seconds.), retrying request
wandb: 429 encountered (Filestream rate limit exceeded, retrying in 314.3 seconds.), retrying request
wandb: 429 encountered (Filestream rate limit exceeded, retrying in 333.6 seconds.), retrying request
wandb: 429 encountered (Filestream rate limit exceeded, retrying in 309.5 seconds.), retrying request
wandb: 429 encountered (Filestream rate limit exceeded, retrying in 316.5 seconds.), retrying request
wandb: 429 encountered (Filestream rate limit exceeded, retrying in 374.1 seconds.), retrying request
wandb: 429 encountered (Filestream rate limit exceeded, retrying in 301.5 seconds.), retrying request
wandb: 429 encountered (Filestream rate limit exceeded, retrying in 300.8 seconds.), retrying request
wandb: ERROR Dropped streaming file chunk (see wandb/debug-internal.log)
wandb: 429 encountered (Filestream rate limit exceeded, retrying in 2.2 seconds.), retrying request
wandb: 429 encountered (Filestream rate limit exceeded, retrying in 4.8 seconds.), retrying request
wandb: 429 encountered (Filestream rate limit exceeded, retrying in 8.8 seconds.), retrying request
wandb: 429 encountered (Filestream rate limit exceeded, retrying in 19.5 seconds.), retrying request
wandb: 429 encountered (Filestream rate limit exceeded, retrying in 39.2 seconds.), retrying request
wandb: 429 encountered (Filestream rate limit exceeded, retrying in 67.1 seconds.), retrying request
wandb: 429 encountered (Filestream rate limit exceeded, retrying in 130.7 seconds.), retrying request
wandb: 429 encountered (Filestream rate limit exceeded, retrying in 301.1 seconds.), retrying request
wandb: 429 encountered (Filestream rate limit exceeded, retrying in 351.1 seconds.), retrying request
wandb: 429 encountered (Filestream rate limit exceeded, retrying in 302.4 seconds.), retrying request
wandb: 429 encountered (Filestream rate limit exceeded, retrying in 314.8 seconds.), retrying request
wandb: 429 encountered (Filestream rate limit exceeded, retrying in 353.7 seconds.), retrying request
wandb: 429 encountered (Filestream rate limit exceeded, retrying in 351.7 seconds.), retrying request
wandb: 429 encountered (Filestream rate limit exceeded, retrying in 305.4 seconds.), retrying request
wandb: 429 encountered (Filestream rate limit exceeded, retrying in 332.4 seconds.), retrying request
wandb: 429 encountered (Filestream rate limit exceeded, retrying in 325.4 seconds.), retrying request
wandb: 429 encountered (Filestream rate limit exceeded, retrying in 320.3 seconds.), retrying request
wandb: 429 encountered (Filestream rate limit exceeded, retrying in 344.8 seconds.), retrying request
wandb: 429 encountered (Filestream rate limit exceeded, retrying in 359.8 seconds.), retrying request
wandb: 429 encountered (Filestream rate limit exceeded, retrying in 358.6 seconds.), retrying request
wandb: 429 encountered (Filestream rate limit exceeded, retrying in 364.9 seconds.), retrying request
wandb: 429 encountered (Filestream rate limit exceeded, retrying in 313.0 seconds.), retrying request
slurmstepd: error: *** JOB 49778789 ON gv005 CANCELLED AT 2024-08-18T17:53:31 DUE TO TIME LIMIT ***
