/ext3/miniconda3/lib/python3.11/site-packages/numpy/core/getlimits.py:549: UserWarning: The value of the smallest subnormal for <class 'numpy.float64'> type is zero.
  setattr(self, word, getattr(machar, word).flat[0])
/ext3/miniconda3/lib/python3.11/site-packages/numpy/core/getlimits.py:89: UserWarning: The value of the smallest subnormal for <class 'numpy.float64'> type is zero.
  return self._float_to_str(self.smallest_subnormal)
wandb: Currently logged in as: sxp8182 (sxp). Use `wandb login --relogin` to force relogin
wandb: wandb version 0.17.9 is available!  To upgrade, please run:
wandb:  $ pip install wandb --upgrade
wandb: Tracking run with wandb version 0.17.4
wandb: Run data is saved locally in /scratch/sxp8182/work_with_abu/learning_to_search/cirriculum_learning/learning_to_search/wandb/run-20240908_004644-checkpoints_v3_8layer_inputsize98_maxlookahead15_seed1_trainstreaming
wandb: Run `wandb offline` to turn off syncing.
wandb: Syncing run checkpoints_v3_8layer_inputsize98_maxlookahead15_seed1_trainstreaming
wandb: ⭐️ View project at https://wandb.ai/sxp/inference
wandb: 🚀 View run at https://wandb.ai/sxp/inference/runs/checkpoints_v3_8layer_inputsize98_maxlookahead15_seed1_trainstreaming
slurmstepd: error: *** JOB 50772689 ON ga040 CANCELLED AT 2024-09-09T12:45:42 DUE TO TIME LIMIT ***
/ext3/miniconda3/lib/python3.11/site-packages/numpy/core/getlimits.py:549: UserWarning: The value of the smallest subnormal for <class 'numpy.float64'> type is zero.
  setattr(self, word, getattr(machar, word).flat[0])
/ext3/miniconda3/lib/python3.11/site-packages/numpy/core/getlimits.py:89: UserWarning: The value of the smallest subnormal for <class 'numpy.float64'> type is zero.
  return self._float_to_str(self.smallest_subnormal)
wandb: Currently logged in as: sxp8182 (sxp). Use `wandb login --relogin` to force relogin
wandb: - Waiting for wandb.init()...wandb: \ Waiting for wandb.init()...wandb: | Waiting for wandb.init()...wandb: / Waiting for wandb.init()...wandb: - Waiting for wandb.init()...wandb: \ Waiting for wandb.init()...wandb: wandb version 0.17.9 is available!  To upgrade, please run:
wandb:  $ pip install wandb --upgrade
wandb: Tracking run with wandb version 0.17.4
wandb: Run data is saved locally in /scratch/sxp8182/work_with_abu/learning_to_search/cirriculum_learning/learning_to_search/wandb/run-20240910_025054-checkpoints_v3_8layer_inputsize98_maxlookahead15_seed1_trainstreaming
wandb: Run `wandb offline` to turn off syncing.
wandb: Syncing run checkpoints_v3_8layer_inputsize98_maxlookahead15_seed1_trainstreaming
wandb: ⭐️ View project at https://wandb.ai/sxp/inference
wandb: 🚀 View run at https://wandb.ai/sxp/inference/runs/checkpoints_v3_8layer_inputsize98_maxlookahead15_seed1_trainstreaming
slurmstepd: error: *** JOB 50813707 ON ga004 CANCELLED AT 2024-09-11T14:49:43 DUE TO TIME LIMIT ***
